Using pre-set license
Built from '2020.3/staging' branch; Version is '2020.3.19f1 (68f137dc9bbe) revision 6877495'; Using compiler version '192528614'; Build Type 'Release'
OS: 'Windows 10 Home Single Language; OS build 19041.1415; Version 2004; 64bit' Language: 'en' Physical Memory: 12177 MB
BatchMode: 1, IsHumanControllingUs: 0, StartBugReporterOnCrash: 0, Is64bit: 1, IsPro: 0

COMMAND LINE ARGUMENTS:
C:\Users\USERR\Documents\Unity\2020.3.19f1\Editor\Unity.exe
-adb2
-batchMode
-noUpm
-name
AssetImportWorker0
-projectPath
C:/Users/USERR/Documents/Unity/Fish Schooling Simulation 2D
-logFile
Logs/AssetImportWorker0.log
-srvPort
5455
Successfully changed project path to: C:/Users/USERR/Documents/Unity/Fish Schooling Simulation 2D
C:/Users/USERR/Documents/Unity/Fish Schooling Simulation 2D
Using Asset Import Pipeline V2.
Refreshing native plugins compatible for Editor in 97.39 ms, found 3 plugins.
Preloading 0 native plugins for Editor in 0.00 ms.
Initialize engine version: 2020.3.19f1 (68f137dc9bbe)
[Subsystems] Discovering subsystems at path C:/Users/USERR/Documents/Unity/2020.3.19f1/Editor/Data/Resources/UnitySubsystems
[Subsystems] Discovering subsystems at path C:/Users/USERR/Documents/Unity/Fish Schooling Simulation 2D/Assets
GfxDevice: creating device client; threaded=0
Direct3D:
    Version:  Direct3D 11.0 [level 11.0]
    Renderer: NVIDIA GeForce GTX 960M (ID=0x139b)
    Vendor:   
    VRAM:     4053 MB
    Driver:   27.21.14.6280
Initialize mono
Mono path[0] = 'C:/Users/USERR/Documents/Unity/2020.3.19f1/Editor/Data/Managed'
Mono path[1] = 'C:/Users/USERR/Documents/Unity/2020.3.19f1/Editor/Data/MonoBleedingEdge/lib/mono/unityjit'
Mono config path = 'C:/Users/USERR/Documents/Unity/2020.3.19f1/Editor/Data/MonoBleedingEdge/etc'
Using monoOptions --debugger-agent=transport=dt_socket,embedding=1,server=y,suspend=n,address=127.0.0.1:56184
Begin MonoManager ReloadAssembly
Registering precompiled unity dll's ...
Register platform support module: C:/Users/USERR/Documents/Unity/2020.3.19f1/Editor/Data/PlaybackEngines/WindowsStandaloneSupport/UnityEditor.WindowsStandalone.Extensions.dll
Registered in 0.002386 seconds.
Native extension for WindowsStandalone target not found
Refreshing native plugins compatible for Editor in 78.03 ms, found 3 plugins.
Preloading 0 native plugins for Editor in 0.00 ms.
Mono: successfully reloaded assembly
- Completed reload, in  1.627 seconds
Domain Reload Profiling:
	ReloadAssembly (1627ms)
		BeginReloadAssembly (86ms)
			ExecutionOrderSort (0ms)
			DisableScriptedObjects (0ms)
			BackupInstance (0ms)
			ReleaseScriptingObjects (0ms)
			CreateAndSetChildDomain (1ms)
		EndReloadAssembly (627ms)
			LoadAssemblies (82ms)
			RebuildTransferFunctionScriptingTraits (0ms)
			SetupTypeCache (245ms)
			ReleaseScriptCaches (0ms)
			RebuildScriptCaches (43ms)
			SetupLoadedEditorAssemblies (238ms)
				LogAssemblyErrors (0ms)
				InitializePlatformSupportModulesInManaged (5ms)
				SetLoadedEditorAssemblies (0ms)
				RefreshPlugins (78ms)
				BeforeProcessingInitializeOnLoad (10ms)
				ProcessInitializeOnLoadAttributes (105ms)
				ProcessInitializeOnLoadMethodAttributes (39ms)
				AfterProcessingInitializeOnLoad (0ms)
				EditorAssembliesLoaded (0ms)
			ExecutionOrderSort2 (0ms)
			AwakeInstancesAfterBackupRestoration (0ms)
Platform modules already initialized, skipping
Registering precompiled user dll's ...
Registered in 0.012635 seconds.
Begin MonoManager ReloadAssembly
Native extension for WindowsStandalone target not found
Refreshing native plugins compatible for Editor in 80.81 ms, found 3 plugins.
Preloading 0 native plugins for Editor in 0.00 ms.
Mono: successfully reloaded assembly
- Completed reload, in  2.762 seconds
Domain Reload Profiling:
	ReloadAssembly (2764ms)
		BeginReloadAssembly (231ms)
			ExecutionOrderSort (0ms)
			DisableScriptedObjects (6ms)
			BackupInstance (0ms)
			ReleaseScriptingObjects (0ms)
			CreateAndSetChildDomain (24ms)
		EndReloadAssembly (2446ms)
			LoadAssemblies (163ms)
			RebuildTransferFunctionScriptingTraits (0ms)
			SetupTypeCache (587ms)
			ReleaseScriptCaches (1ms)
			RebuildScriptCaches (86ms)
			SetupLoadedEditorAssemblies (1446ms)
				LogAssemblyErrors (0ms)
				InitializePlatformSupportModulesInManaged (6ms)
				SetLoadedEditorAssemblies (0ms)
				RefreshPlugins (81ms)
				BeforeProcessingInitializeOnLoad (123ms)
				ProcessInitializeOnLoadAttributes (1166ms)
				ProcessInitializeOnLoadMethodAttributes (60ms)
				AfterProcessingInitializeOnLoad (9ms)
				EditorAssembliesLoaded (0ms)
			ExecutionOrderSort2 (0ms)
			AwakeInstancesAfterBackupRestoration (10ms)
Platform modules already initialized, skipping
========================================================================
Worker process is ready to serve import requests
Launched and connected shader compiler UnityShaderCompiler.exe after 0.13 seconds
Refreshing native plugins compatible for Editor in 0.95 ms, found 3 plugins.
Preloading 0 native plugins for Editor in 0.00 ms.
Unloading 2695 Unused Serialized files (Serialized files now loaded: 0)
System memory in use before: 110.5 MB.
System memory in use after: 110.7 MB.

Unloading 72 unused Assets to reduce memory usage. Loaded Objects now: 3087.
Total: 10.856400 ms (FindLiveObjects: 0.356400 ms CreateObjectMapping: 0.192800 ms MarkObjects: 10.171000 ms  DeleteObjects: 0.134500 ms)

AssetImportParameters requested are different than current active one (requested -> active):
  custom:framework-win-MediaFoundation: 216162199b28c13a410421893ffa2e32 -> 
  custom:video-decoder-ogg-theora: a1e56fd34408186e4bbccfd4996cb3dc -> 
  custom:container-muxer-webm: aa71ff27fc2769a1b78a27578f13a17b -> 
  custom:container-demuxer-webm: 4f35f7cbe854078d1ac9338744f61a02 -> 
  custom:container-demuxer-ogg: 62fdf1f143b41e24485cea50d1cbac27 -> 
  custom:video-encoder-webm-vp8: eb34c28f22e8b96e1ab97ce403110664 -> 
  custom:video-decoder-webm-vp8: 9c59270c3fd7afecdb556c50c9e8de78 -> 
  custom:audio-decoder-ogg-vorbis: bf7c407c2cedff20999df2af8eb42d56 -> 
  custom:audio-encoder-webm-vorbis: bf7c407c2cedff20999df2af8eb42d56 -> 
========================================================================
Received Import Request.
  path: Assets/Scripts/EpisodeControl.cs
  artifactKey: Guid(69643de284e7f0a42a36d9f191c65ad4) Importer(815301076,1909f56bfc062723c751e8b465ee728b)
Start importing Assets/Scripts/EpisodeControl.cs using Guid(69643de284e7f0a42a36d9f191c65ad4) Importer(815301076,1909f56bfc062723c751e8b465ee728b)  -> (artifact id: '7cea743999b1020e72e64cb0ab29a917') in 0.074738 seconds 
  Import took 0.081614 seconds .

========================================================================
Received Import Request.
  Time since last request: 66.746788 seconds.
  path: Assets/Scripts/FishCollisionController.cs
  artifactKey: Guid(ee9d135e805bf7b4a8a7e135101177b7) Importer(815301076,1909f56bfc062723c751e8b465ee728b)
Start importing Assets/Scripts/FishCollisionController.cs using Guid(ee9d135e805bf7b4a8a7e135101177b7) Importer(815301076,1909f56bfc062723c751e8b465ee728b)  -> (artifact id: '3796adfd95460cfbb045147390b902a1') in 0.017203 seconds 
  Import took 0.030553 seconds .

========================================================================
Received Import Request.
  Time since last request: 9.032154 seconds.
  path: Assets/Scripts/fishColorEnergy.cs
  artifactKey: Guid(8a93629acd8b4844b9043c737c9b3066) Importer(815301076,1909f56bfc062723c751e8b465ee728b)
Start importing Assets/Scripts/fishColorEnergy.cs using Guid(8a93629acd8b4844b9043c737c9b3066) Importer(815301076,1909f56bfc062723c751e8b465ee728b)  -> (artifact id: '0d396a6d383342e5e48a9b1034b18dc7') in 0.022538 seconds 
  Import took 0.029857 seconds .

========================================================================
Received Import Request.
  Time since last request: 7.361284 seconds.
  path: Assets/Scripts/fishReturnRaytraced.cs
  artifactKey: Guid(e4eed3c48b565854c984249858cf4a14) Importer(815301076,1909f56bfc062723c751e8b465ee728b)
Start importing Assets/Scripts/fishReturnRaytraced.cs using Guid(e4eed3c48b565854c984249858cf4a14) Importer(815301076,1909f56bfc062723c751e8b465ee728b)  -> (artifact id: '048c820b6211b3f9ff13ac8cd5c1b7e6') in 0.011854 seconds 
  Import took 0.025605 seconds .

AssetImportWorkerClient::OnTransportError - code=2 error=End of file
